<?xml version="1.0" encoding="UTF-8"?>
<!-- Generated by org.testng.reporters.JUnitReportReporter -->
<testsuite skipped="0" hostname="satya-lapto" name="com.teachaway.tests.Login" tests="2" failures="0" timestamp="04 Nov 2019 16:11:38 GMT" time="29.799" errors="0">
  <testcase name="loginToWordPress" time="13.723" classname="com.teachaway.tests.Login"/>
  <testcase name="loginToWordPress" time="16.076" classname="com.teachaway.tests.Login"/>
</testsuite> <!-- com.teachaway.tests.Login -->
