<?xml version="1.0" encoding="UTF-8"?>
<!-- Generated by org.testng.reporters.JUnitReportReporter -->
<testsuite skipped="0" hostname="satya-lapto" name="com.teachaway.tests.TeachawayHomePageTest" tests="1" failures="0" timestamp="2019-11-04T13:57:47 MST" time="31.822" errors="0">
  <testcase name="verifyHomePageTitleTest" time="31.822" classname="com.teachaway.tests.TeachawayHomePageTest"/>
</testsuite> <!-- com.teachaway.tests.TeachawayHomePageTest -->
