<?xml version="1.0" encoding="UTF-8"?>
<!-- Generated by org.testng.reporters.JUnitReportReporter -->
<testsuite skipped="0" hostname="satya-lapto" name="com.techaway.tests.TechawayHomePageTest" tests="1" failures="0" timestamp="04 Nov 2019 04:10:13 GMT" time="30.407" errors="0">
  <testcase name="verifyHomePageTitleTest" time="30.407" classname="com.techaway.tests.TechawayHomePageTest"/>
</testsuite> <!-- com.techaway.tests.TechawayHomePageTest -->
